[
    {
        "timestamp":"2026-05-12T10:03:56",
        "event_id":4688,
        "source":"Microsoft-Windows-Security-Auditing",
        "log_source":"Security",
        "computer":"SideKick_2",
        "user":"",
        "process_name":"",
        "type":"raw_event",
        "severity":"INFO",
        "description":"Event ID 4688 from Microsoft-Windows-Security-Auditing"
    },
    {
        "timestamp":"2026-05-12T10:03:56",
        "event_id":4673,
        "source":"Microsoft-Windows-Security-Auditing",
        "log_source":"Security",
        "computer":"SideKick_2",
        "user":"",
        "process_name":"",
        "type":"raw_event",
        "severity":"INFO",
        "description":"Event ID 4673 from Microsoft-Windows-Security-Auditing"
    },
    {
        "timestamp":"2026-05-12T10:03:37",
        "event_id":4688,
        "source":"Microsoft-Windows-Security-Auditing",
        "log_source":"Security",
        "computer":"SideKick_2",
        "user":"",
        "process_name":"",
        "type":"raw_event",
        "severity":"INFO",
        "description":"Event ID 4688 from Microsoft-Windows-Security-Auditing"
    },
    {
        "timestamp":"2026-05-12T10:03:37",
        "event_id":4688,
        "source":"Microsoft-Windows-Security-Auditing",
        "log_source":"Security",
        "computer":"SideKick_2",
        "user":"",
        "process_name":"",
        "type":"raw_event",
        "severity":"INFO",
        "description":"Event ID 4688 from Microsoft-Windows-Security-Auditing"
    },
    {
        "timestamp":"2026-05-12T10:03:26",
        "event_id":4688,
        "source":"Microsoft-Windows-Security-Auditing",
        "log_source":"Security",
        "computer":"SideKick_2",
        "user":"",
        "process_name":"",
        "type":"raw_event",
        "severity":"INFO",
        "description":"Event ID 4688 from Microsoft-Windows-Security-Auditing"
    },
    {
        "timestamp":"2026-05-12T10:03:26",
        "event_id":4688,
        "source":"Microsoft-Windows-Security-Auditing",
        "log_source":"Security",
        "computer":"SideKick_2",
        "user":"",
        "process_name":"",
        "type":"raw_event",
        "severity":"INFO",
        "description":"Event ID 4688 from Microsoft-Windows-Security-Auditing"
    },
    {
        "timestamp":"2026-05-12T10:03:26",
        "event_id":4688,
        "source":"Microsoft-Windows-Security-Auditing",
        "log_source":"Security",
        "computer":"SideKick_2",
        "user":"",
        "process_name":"",
        "type":"raw_event",
        "severity":"INFO",
        "description":"Event ID 4688 from Microsoft-Windows-Security-Auditing"
    },
    {
        "timestamp":"2026-05-12T10:03:26",
        "event_id":4672,
        "source":"Microsoft-Windows-Security-Auditing",
        "log_source":"Security",
        "computer":"SideKick_2",
        "user":"",
        "process_name":"",
        "type":"raw_event",
        "severity":"INFO",
        "description":"Event ID 4672 from Microsoft-Windows-Security-Auditing"
    },
    {
        "timestamp":"2026-05-12T10:03:26",
        "event_id":4624,
        "source":"Microsoft-Windows-Security-Auditing",
        "log_source":"Security",
        "computer":"SideKick_2",
        "user":"",
        "process_name":"",
        "type":"raw_event",
        "severity":"INFO",
        "description":"Event ID 4624 from Microsoft-Windows-Security-Auditing"
    },
    {
        "timestamp":"2026-05-12T10:02:37",
        "event_id":4688,
        "source":"Microsoft-Windows-Security-Auditing",
        "log_source":"Security",
        "computer":"SideKick_2",
        "user":"",
        "process_name":"",
        "type":"raw_event",
        "severity":"INFO",
        "description":"Event ID 4688 from Microsoft-Windows-Security-Auditing"
    },
    {
        "timestamp":"2026-05-12T10:02:37",
        "event_id":4688,
        "source":"Microsoft-Windows-Security-Auditing",
        "log_source":"Security",
        "computer":"SideKick_2",
        "user":"",
        "process_name":"",
        "type":"raw_event",
        "severity":"INFO",
        "description":"Event ID 4688 from Microsoft-Windows-Security-Auditing"
    },
    {
        "timestamp":"2026-05-12T10:01:57",
        "event_id":4688,
        "source":"Microsoft-Windows-Security-Auditing",
        "log_source":"Security",
        "computer":"SideKick_2",
        "user":"",
        "process_name":"",
        "type":"raw_event",
        "severity":"INFO",
        "description":"Event ID 4688 from Microsoft-Windows-Security-Auditing"
    },
    {
        "timestamp":"2026-05-12T10:01:56",
        "event_id":4688,
        "source":"Microsoft-Windows-Security-Auditing",
        "log_source":"Security",
        "computer":"SideKick_2",
        "user":"",
        "process_name":"",
        "type":"raw_event",
        "severity":"INFO",
        "description":"Event ID 4688 from Microsoft-Windows-Security-Auditing"
    },
    {
        "timestamp":"2026-05-12T10:01:56",
        "event_id":4688,
        "source":"Microsoft-Windows-Security-Auditing",
        "log_source":"Security",
        "computer":"SideKick_2",
        "user":"",
        "process_name":"",
        "type":"raw_event",
        "severity":"INFO",
        "description":"Event ID 4688 from Microsoft-Windows-Security-Auditing"
    },
    {
        "timestamp":"2026-05-12T10:01:52",
        "event_id":4688,
        "source":"Microsoft-Windows-Security-Auditing",
        "log_source":"Security",
        "computer":"SideKick_2",
        "user":"",
        "process_name":"",
        "type":"raw_event",
        "severity":"INFO",
        "description":"Event ID 4688 from Microsoft-Windows-Security-Auditing"
    },
    {
        "timestamp":"2026-05-12T10:01:52",
        "event_id":4673,
        "source":"Microsoft-Windows-Security-Auditing",
        "log_source":"Security",
        "computer":"SideKick_2",
        "user":"",
        "process_name":"",
        "type":"raw_event",
        "severity":"INFO",
        "description":"Event ID 4673 from Microsoft-Windows-Security-Auditing"
    },
    {
        "timestamp":"2026-05-12T10:01:52",
        "event_id":4688,
        "source":"Microsoft-Windows-Security-Auditing",
        "log_source":"Security",
        "computer":"SideKick_2",
        "user":"",
        "process_name":"",
        "type":"raw_event",
        "severity":"INFO",
        "description":"Event ID 4688 from Microsoft-Windows-Security-Auditing"
    },
    {
        "timestamp":"2026-05-12T10:01:42",
        "event_id":4673,
        "source":"Microsoft-Windows-Security-Auditing",
        "log_source":"Security",
        "computer":"SideKick_2",
        "user":"",
        "process_name":"",
        "type":"raw_event",
        "severity":"INFO",
        "description":"Event ID 4673 from Microsoft-Windows-Security-Auditing"
    },
    {
        "timestamp":"2026-05-12T10:01:42",
        "event_id":4688,
        "source":"Microsoft-Windows-Security-Auditing",
        "log_source":"Security",
        "computer":"SideKick_2",
        "user":"",
        "process_name":"",
        "type":"raw_event",
        "severity":"INFO",
        "description":"Event ID 4688 from Microsoft-Windows-Security-Auditing"
    },
    {
        "timestamp":"2026-05-12T10:01:41",
        "event_id":4688,
        "source":"Microsoft-Windows-Security-Auditing",
        "log_source":"Security",
        "computer":"SideKick_2",
        "user":"",
        "process_name":"",
        "type":"raw_event",
        "severity":"INFO",
        "description":"Event ID 4688 from Microsoft-Windows-Security-Auditing"
    },
    {
        "timestamp":"2026-05-12T10:01:37",
        "event_id":4688,
        "source":"Microsoft-Windows-Security-Auditing",
        "log_source":"Security",
        "computer":"SideKick_2",
        "user":"",
        "process_name":"",
        "type":"raw_event",
        "severity":"INFO",
        "description":"Event ID 4688 from Microsoft-Windows-Security-Auditing"
    },
    {
        "timestamp":"2026-05-12T10:01:37",
        "event_id":4688,
        "source":"Microsoft-Windows-Security-Auditing",
        "log_source":"Security",
        "computer":"SideKick_2",
        "user":"",
        "process_name":"",
        "type":"raw_event",
        "severity":"INFO",
        "description":"Event ID 4688 from Microsoft-Windows-Security-Auditing"
    },
    {
        "timestamp":"2026-05-12T10:01:37",
        "event_id":4673,
        "source":"Microsoft-Windows-Security-Auditing",
        "log_source":"Security",
        "computer":"SideKick_2",
        "user":"",
        "process_name":"",
        "type":"raw_event",
        "severity":"INFO",
        "description":"Event ID 4673 from Microsoft-Windows-Security-Auditing"
    },
    {
        "timestamp":"2026-05-12T10:01:37",
        "event_id":4688,
        "source":"Microsoft-Windows-Security-Auditing",
        "log_source":"Security",
        "computer":"SideKick_2",
        "user":"",
        "process_name":"",
        "type":"raw_event",
        "severity":"INFO",
        "description":"Event ID 4688 from Microsoft-Windows-Security-Auditing"
    },
    {
        "timestamp":"2026-05-12T10:01:35",
        "event_id":4688,
        "source":"Microsoft-Windows-Security-Auditing",
        "log_source":"Security",
        "computer":"SideKick_2",
        "user":"",
        "process_name":"",
        "type":"raw_event",
        "severity":"INFO",
        "description":"Event ID 4688 from Microsoft-Windows-Security-Auditing"
    }
]